<?xml version="1.0" encoding="UTF-8"?>
<!-- Generated by org.testng.reporters.JUnitXMLReporter -->
<testsuite ignored="2" hostname="LAPTOP-2DHTLVVT" failures="0" tests="2" name="Test" time="0.122" errors="0" timestamp="2024-03-01T17:48:49 IST">
  <testcase classname="sampleTest.Demo1Test" name="test1" time="0.015"/>
  <testcase classname="sampleTest.Demo2Test" name="test1" time="0.003"/>
  <testcase classname="sampleTest.Demo1Test" name="test2" time="0.0">
    <ignored/>
  </testcase> <!-- test2 -->
  <testcase classname="sampleTest.Demo2Test" name="test2" time="0.0">
    <ignored/>
  </testcase> <!-- test2 -->
</testsuite> <!-- Test -->
