<?xml version="1.0" encoding="UTF-8"?>
<testng-results ignored="0" total="2" passed="2" failed="0" skipped="0">
  <reporter-output>
  </reporter-output>
  <suite started-at="2024-03-01T17:48:49 IST" name="Suite" finished-at="2024-03-01T17:48:49 IST" duration-ms="122">
    <groups>
      <group name="regression">
        <method signature="Demo1Test.test1()[pri:0, instance:sampleTest.Demo1Test@74f0ea28]" name="test1" class="sampleTest.Demo1Test"/>
      </group> <!-- regression -->
      <group name="smoke">
        <method signature="Demo1Test.test1()[pri:0, instance:sampleTest.Demo1Test@74f0ea28]" name="test1" class="sampleTest.Demo1Test"/>
        <method signature="Demo2Test.test1()[pri:0, instance:sampleTest.Demo2Test@689604d9]" name="test1" class="sampleTest.Demo2Test"/>
      </group> <!-- smoke -->
    </groups>
    <test started-at="2024-03-01T17:48:49 IST" name="Test" finished-at="2024-03-01T17:48:49 IST" duration-ms="122">
      <class name="sampleTest.Demo1Test">
        <test-method signature="test1()[pri:0, instance:sampleTest.Demo1Test@74f0ea28]" started-at="2024-03-01T17:48:49 IST" name="test1" finished-at="2024-03-01T17:48:49 IST" duration-ms="15" status="PASS">
          <reporter-output>
          </reporter-output>
        </test-method> <!-- test1 -->
      </class> <!-- sampleTest.Demo1Test -->
      <class name="sampleTest.Demo2Test">
        <test-method signature="test1()[pri:0, instance:sampleTest.Demo2Test@689604d9]" started-at="2024-03-01T17:48:49 IST" name="test1" finished-at="2024-03-01T17:48:49 IST" duration-ms="3" status="PASS">
          <reporter-output>
          </reporter-output>
        </test-method> <!-- test1 -->
      </class> <!-- sampleTest.Demo2Test -->
    </test> <!-- Test -->
  </suite> <!-- Suite -->
</testng-results>
